<?xml version="1.0" encoding="UTF-8"?>
<testsuite name="com.shoop.test.cucumber.Runner" time="0.012" tests="28" errors="0" skipped="0" failures="0">
  <properties>
[...]
</properties>
  <testcase name="Given I go to shoop home page&quot;" classname="| My Jolie candle |" time="0.005"/>
  <testcase name="When I enter merchant name as &quot;My Jolie candle&quot;into search" classname="| My Jolie candle |" time="0"/>
  <testcase name="Then I should see name of &quot;My Jolie candle&quot; and own  best rates displayed" classname="| My Jolie candle |" time="0"/>
  <testcase name="| My Jolie candle |" classname="| My Jolie candle |" time="0"/>
  <testcase name="Given I go to shoop home page&quot;" classname="| shopty |" time="0"/>
  <testcase name="When I enter merchant name as &quot;shopty&quot;into search" classname="| shopty |" time="0"/>
  <testcase name="Then I should see name of &quot;shopty&quot; and own  best rates displayed" classname="| shopty |" time="0"/>
  <testcase name="| shopty |" classname="| shopty |" time="0.002"/>
  <testcase name="Given I go to shoop home page&quot;" classname="| Access Moto |" time="0"/>
  <testcase name="When I enter merchant name as &quot;Access Moto&quot;into search" classname="| Access Moto |" time="0"/>
  <testcase name="Then I should see name of &quot;Access Moto&quot; and own  best rates displayed" classname="| Access Moto |" time="0"/>
  <testcase name="| Access Moto |" classname="| Access Moto |" time="0.001"/>
  <testcase name="Given I go to shoop home page&quot;" classname="| M&amp;MS |" time="0"/>
  <testcase name="When I enter merchant name as &quot;M&amp;MS&quot;into search" classname="| M&amp;MS |" time="0"/>
  <testcase name="Then I should see name of &quot;M&amp;MS&quot; and own  best rates displayed" classname="| M&amp;MS |" time="0"/>
  <testcase name="| M&amp;MS |" classname="| M&amp;MS |" time="0.001"/>
  <testcase name="Given I go to shoop home page&quot;" classname="| SOSwit |" time="0"/>
  <testcase name="When I enter merchant name as &quot;SOSwit&quot;into search" classname="| SOSwit |" time="0"/>
  <testcase name="Then I should see name of &quot;SOSwit&quot; and own  best rates displayed" classname="| SOSwit |" time="0"/>
  <testcase name="| SOSwit |" classname="| SOSwit |" time="0"/>
  <testcase name="Given I go to shoop home page&quot;" classname="| GiFi |" time="0"/>
  <testcase name="When I enter merchant name as &quot;GiFi&quot;into search" classname="| GiFi |" time="0"/>
  <testcase name="Then I should see name of &quot;GiFi&quot; and own  best rates displayed" classname="| GiFi |" time="0"/>
  <testcase name="| GiFi |" classname="| GiFi |" time="0.002"/>
  <testcase name="Given I go to shoop home page&quot;" classname="| AsdeCarreaux |" time="0"/>
  <testcase name="When I enter merchant name as &quot;AsdeCarreaux&quot;into search" classname="| AsdeCarreaux |" time="0"/>
  <testcase name="Then I should see name of &quot;AsdeCarreaux&quot; and own  best rates displayed" classname="| AsdeCarreaux |" time="0"/>
  <testcase name="| AsdeCarreaux |" classname="| AsdeCarreaux |" time="0.001"/>
</testsuite>